> Task :compileJava UP-TO-DATE
> Task :processResources
> Task :classes
> Task :resolveMainClassName

> Task :bootRun

  .   ____          _            __ _ _
 /\\ / ___'_ __ _ _(_)_ __  __ _ \ \ \ \
( ( )\___ | '_ | '_| | '_ \/ _` | \ \ \ \
 \\/  ___)| |_)| | | | | || (_| |  ) ) ) )
  '  |____| .__|_| |_|_| |_\__, | / / / /
 =========|_|==============|___/=/_/_/_/
 :: Spring Boot ::                (v3.2.1)

2025-08-03T00:00:37.539+02:00  INFO 62084 --- [           main] com.example.restsimple.DemoApplication   : Starting DemoApplication using Java 21.0.8 with PID 62084 (/home/patrick/projects/lecture-ws-development-of-a-db-app/java/rest-simple/build/classes/java/main started by patrick in /home/patrick/projects/lecture-ws-development-of-a-db-app/java/rest-simple)
2025-08-03T00:00:37.540+02:00  INFO 62084 --- [           main] com.example.restsimple.DemoApplication   : No active profile set, falling back to 1 default profile: "default"
2025-08-03T00:00:41.411+02:00  INFO 62084 --- [           main] .s.d.r.c.RepositoryConfigurationDelegate : Bootstrapping Spring Data JPA repositories in DEFAULT mode.
2025-08-03T00:00:41.432+02:00  INFO 62084 --- [           main] .s.d.r.c.RepositoryConfigurationDelegate : Finished Spring Data repository scanning in 19 ms. Found 1 JPA repository interface.
2025-08-03T00:00:41.641+02:00  INFO 62084 --- [           main] o.s.b.w.embedded.tomcat.TomcatWebServer  : Tomcat initialized with port 8081 (http)
2025-08-03T00:00:41.646+02:00  INFO 62084 --- [           main] o.apache.catalina.core.StandardService   : Starting service [Tomcat]
2025-08-03T00:00:41.646+02:00  INFO 62084 --- [           main] o.apache.catalina.core.StandardEngine    : Starting Servlet engine: [Apache Tomcat/10.1.17]
2025-08-03T00:00:41.668+02:00  INFO 62084 --- [           main] o.a.c.c.C.[Tomcat].[localhost].[/]       : Initializing Spring embedded WebApplicationContext
2025-08-03T00:00:41.668+02:00  INFO 62084 --- [           main] w.s.c.ServletWebServerApplicationContext : Root WebApplicationContext: initialization completed in 4110 ms
2025-08-03T00:00:41.704+02:00  INFO 62084 --- [           main] com.zaxxer.hikari.HikariDataSource       : HikariPool-1 - Starting...
2025-08-03T00:00:41.759+02:00  INFO 62084 --- [           main] com.zaxxer.hikari.pool.HikariPool        : HikariPool-1 - Added connection org.sqlite.jdbc4.JDBC4Connection@5e26f1ed
2025-08-03T00:00:41.760+02:00  INFO 62084 --- [           main] com.zaxxer.hikari.HikariDataSource       : HikariPool-1 - Start completed.
2025-08-03T00:00:41.782+02:00  INFO 62084 --- [           main] o.f.c.internal.license.VersionPrinter    : Flyway Community Edition 9.22.3 by Redgate
2025-08-03T00:00:41.782+02:00  INFO 62084 --- [           main] o.f.c.internal.license.VersionPrinter    : See release notes here: https://rd.gt/416ObMi
2025-08-03T00:00:41.782+02:00  INFO 62084 --- [           main] o.f.c.internal.license.VersionPrinter    : 
2025-08-03T00:00:41.786+02:00  INFO 62084 --- [           main] org.flywaydb.core.FlywayExecutor         : Database: jdbc:sqlite:students.db (SQLite 3.44)
2025-08-03T00:00:41.798+02:00  INFO 62084 --- [           main] o.f.core.internal.command.DbValidate     : Successfully validated 1 migration (execution time 00:00.006s)
2025-08-03T00:00:41.800+02:00  INFO 62084 --- [           main] o.f.core.internal.command.DbMigrate      : Current version of schema "main": 1
2025-08-03T00:00:41.801+02:00  INFO 62084 --- [           main] o.f.core.internal.command.DbMigrate      : Schema "main" is up to date. No migration necessary.
2025-08-03T00:00:41.827+02:00  INFO 62084 --- [           main] o.hibernate.jpa.internal.util.LogHelper  : HHH000204: Processing PersistenceUnitInfo [name: default]
2025-08-03T00:00:41.847+02:00  INFO 62084 --- [           main] org.hibernate.Version                    : HHH000412: Hibernate ORM core version 6.4.1.Final
2025-08-03T00:00:41.857+02:00  INFO 62084 --- [           main] o.h.c.internal.RegionFactoryInitiator    : HHH000026: Second-level cache disabled
2025-08-03T00:00:41.930+02:00  INFO 62084 --- [           main] o.s.o.j.p.SpringPersistenceUnitInfo      : No LoadTimeWeaver setup: ignoring JPA class transformer
2025-08-03T00:00:42.230+02:00  INFO 62084 --- [           main] o.h.e.t.j.p.i.JtaPlatformInitiator       : HHH000489: No JTA platform available (set 'hibernate.transaction.jta.platform' to enable JTA platform integration)
2025-08-03T00:00:42.241+02:00  INFO 62084 --- [           main] j.LocalContainerEntityManagerFactoryBean : Initialized JPA EntityManagerFactory for persistence unit 'default'
2025-08-03T00:00:42.325+02:00  INFO 62084 --- [           main] o.s.d.j.r.query.QueryEnhancerFactory     : Hibernate is in classpath; If applicable, HQL parser will be used.
2025-08-03T00:00:42.539+02:00  WARN 62084 --- [           main] JpaBaseConfiguration$JpaWebConfiguration : spring.jpa.open-in-view is enabled by default. Therefore, database queries may be performed during view rendering. Explicitly configure spring.jpa.open-in-view to disable this warning
2025-08-03T00:00:42.707+02:00  INFO 62084 --- [           main] o.s.b.w.embedded.tomcat.TomcatWebServer  : Tomcat started on port 8081 (http) with context path ''
2025-08-03T00:00:42.711+02:00  INFO 62084 --- [           main] com.example.restsimple.DemoApplication   : Started DemoApplication in 5.308 seconds (process running for 1.833)

> Task :bootRun FAILED

FAILURE: Build failed with an exception.

* What went wrong:
Execution failed for task ':bootRun'.
> Process 'command '/usr/lib/jvm/java-21-openjdk-amd64/bin/java'' finished with non-zero exit value 137

* Try:
> Run with --stacktrace option to get the stack trace.
> Run with --info or --debug option to get more log output.
> Run with --scan to get full insights.
> Get more help at https://help.gradle.org.

BUILD FAILED in 10m 33s
4 actionable tasks: 3 executed, 1 up-to-date
