> Task :compileJava UP-TO-DATE
> Task :processResources UP-TO-DATE
> Task :classes UP-TO-DATE
> Task :resolveMainClassName UP-TO-DATE

> Task :bootRun

  .   ____          _            __ _ _
 /\\ / ___'_ __ _ _(_)_ __  __ _ \ \ \ \
( ( )\___ | '_ | '_| | '_ \/ _` | \ \ \ \
 \\/  ___)| |_)| | | | | || (_| |  ) ) ) )
  '  |____| .__|_| |_|_| |_\__, | / / / /
 =========|_|==============|___/=/_/_/_/
 :: Spring Boot ::                (v3.2.1)

2025-08-02T23:48:28.967+02:00  INFO 44499 --- [           main] com.example.restsimple.DemoApplication   : Starting DemoApplication using Java 21.0.8 with PID 44499 (/home/patrick/projects/lecture-ws-development-of-a-db-app/java/rest-simple/build/classes/java/main started by patrick in /home/patrick/projects/lecture-ws-development-of-a-db-app/java/rest-simple)
2025-08-02T23:48:28.968+02:00  INFO 44499 --- [           main] com.example.restsimple.DemoApplication   : No active profile set, falling back to 1 default profile: "default"
2025-08-02T23:48:29.216+02:00  INFO 44499 --- [           main] .s.d.r.c.RepositoryConfigurationDelegate : Bootstrapping Spring Data JPA repositories in DEFAULT mode.
2025-08-02T23:48:29.235+02:00  INFO 44499 --- [           main] .s.d.r.c.RepositoryConfigurationDelegate : Finished Spring Data repository scanning in 16 ms. Found 1 JPA repository interface.
2025-08-02T23:48:29.412+02:00  INFO 44499 --- [           main] o.s.b.w.embedded.tomcat.TomcatWebServer  : Tomcat initialized with port 8081 (http)
2025-08-02T23:48:29.417+02:00  INFO 44499 --- [           main] o.apache.catalina.core.StandardService   : Starting service [Tomcat]
2025-08-02T23:48:29.417+02:00  INFO 44499 --- [           main] o.apache.catalina.core.StandardEngine    : Starting Servlet engine: [Apache Tomcat/10.1.17]
2025-08-02T23:48:29.436+02:00  INFO 44499 --- [           main] o.a.c.c.C.[Tomcat].[localhost].[/]       : Initializing Spring embedded WebApplicationContext
2025-08-02T23:48:29.436+02:00  INFO 44499 --- [           main] w.s.c.ServletWebServerApplicationContext : Root WebApplicationContext: initialization completed in 452 ms
2025-08-02T23:48:29.471+02:00  INFO 44499 --- [           main] com.zaxxer.hikari.HikariDataSource       : HikariPool-1 - Starting...
2025-08-02T23:48:29.526+02:00  INFO 44499 --- [           main] com.zaxxer.hikari.pool.HikariPool        : HikariPool-1 - Added connection org.sqlite.jdbc4.JDBC4Connection@3a36cd5
2025-08-02T23:48:29.527+02:00  INFO 44499 --- [           main] com.zaxxer.hikari.HikariDataSource       : HikariPool-1 - Start completed.
2025-08-02T23:48:29.554+02:00  INFO 44499 --- [           main] o.f.c.internal.license.VersionPrinter    : Flyway Community Edition 9.22.3 by Redgate
2025-08-02T23:48:29.554+02:00  INFO 44499 --- [           main] o.f.c.internal.license.VersionPrinter    : See release notes here: https://rd.gt/416ObMi
2025-08-02T23:48:29.554+02:00  INFO 44499 --- [           main] o.f.c.internal.license.VersionPrinter    : 
2025-08-02T23:48:29.565+02:00  INFO 44499 --- [           main] org.flywaydb.core.FlywayExecutor         : Database: jdbc:sqlite:students.db (SQLite 3.44)
2025-08-02T23:48:29.576+02:00  INFO 44499 --- [           main] o.f.core.internal.command.DbValidate     : Successfully validated 1 migration (execution time 00:00.005s)
2025-08-02T23:48:29.579+02:00  INFO 44499 --- [           main] o.f.core.internal.command.DbMigrate      : Current version of schema "main": 1
2025-08-02T23:48:29.580+02:00  INFO 44499 --- [           main] o.f.core.internal.command.DbMigrate      : Schema "main" is up to date. No migration necessary.
2025-08-02T23:48:29.603+02:00  INFO 44499 --- [           main] o.hibernate.jpa.internal.util.LogHelper  : HHH000204: Processing PersistenceUnitInfo [name: default]
2025-08-02T23:48:29.619+02:00  INFO 44499 --- [           main] org.hibernate.Version                    : HHH000412: Hibernate ORM core version 6.4.1.Final
2025-08-02T23:48:29.629+02:00  INFO 44499 --- [           main] o.h.c.internal.RegionFactoryInitiator    : HHH000026: Second-level cache disabled
2025-08-02T23:48:29.697+02:00  INFO 44499 --- [           main] o.s.o.j.p.SpringPersistenceUnitInfo      : No LoadTimeWeaver setup: ignoring JPA class transformer
2025-08-02T23:48:29.958+02:00  INFO 44499 --- [           main] o.h.e.t.j.p.i.JtaPlatformInitiator       : HHH000489: No JTA platform available (set 'hibernate.transaction.jta.platform' to enable JTA platform integration)
2025-08-02T23:48:29.967+02:00  INFO 44499 --- [           main] j.LocalContainerEntityManagerFactoryBean : Initialized JPA EntityManagerFactory for persistence unit 'default'
2025-08-02T23:48:30.056+02:00  INFO 44499 --- [           main] o.s.d.j.r.query.QueryEnhancerFactory     : Hibernate is in classpath; If applicable, HQL parser will be used.
2025-08-02T23:48:30.232+02:00  WARN 44499 --- [           main] JpaBaseConfiguration$JpaWebConfiguration : spring.jpa.open-in-view is enabled by default. Therefore, database queries may be performed during view rendering. Explicitly configure spring.jpa.open-in-view to disable this warning
2025-08-02T23:48:30.392+02:00  INFO 44499 --- [           main] o.s.b.w.embedded.tomcat.TomcatWebServer  : Tomcat started on port 8081 (http) with context path ''
2025-08-02T23:48:30.395+02:00  INFO 44499 --- [           main] com.example.restsimple.DemoApplication   : Started DemoApplication in 1.555 seconds (process running for 1.668)
